<?xml version="1.0" encoding="UTF-8"?>
<testng-results ignored="0" total="2" passed="2" failed="0" skipped="0">
  <reporter-output>
    <line>
      <![CDATA[Test Case Is Passed]]>
    </line>
    <line>
      <![CDATA[Test Case Is Passed]]>
    </line>
    <line>
      <![CDATA[Test Case Is Passed]]>
    </line>
    <line>
      <![CDATA[Test Case Is Passed]]>
    </line>
  </reporter-output>
  <suite started-at="2024-10-04T00:25:12 IST" name="Suite" finished-at="2024-10-04T00:25:46 IST" duration-ms="33482">
    <groups>
    </groups>
    <test started-at="2024-10-04T00:25:12 IST" name="Test" finished-at="2024-10-04T00:25:46 IST" duration-ms="33482">
      <class name="amazon_test.Amazon_SearchingWithFilters_TestCase6">
        <test-method is-config="true" signature="amazon_launch()[pri:0, instance:amazon_test.Amazon_SearchingWithFilters_TestCase6@5ab956d7]" started-at="2024-10-04T00:25:26 IST" name="amazon_launch" finished-at="2024-10-04T00:25:31 IST" duration-ms="4421" status="PASS">
          <reporter-output>
          </reporter-output>
        </test-method> <!-- amazon_launch -->
        <test-method is-config="true" signature="login()[pri:0, instance:amazon_test.Amazon_SearchingWithFilters_TestCase6@5ab956d7]" started-at="2024-10-04T00:25:31 IST" name="login" finished-at="2024-10-04T00:25:34 IST" duration-ms="3534" status="PASS">
          <reporter-output>
          </reporter-output>
        </test-method> <!-- login -->
        <test-method signature="searchbycategory()[pri:0, instance:amazon_test.Amazon_SearchingWithFilters_TestCase6@5ab956d7]" started-at="2024-10-04T00:25:34 IST" name="searchbycategory" finished-at="2024-10-04T00:25:45 IST" duration-ms="11160" status="PASS">
          <reporter-output>
            <line>
              <![CDATA[Test Case Is Passed]]>
            </line>
            <line>
              <![CDATA[Test Case Is Passed]]>
            </line>
          </reporter-output>
        </test-method> <!-- searchbycategory -->
      </class> <!-- amazon_test.Amazon_SearchingWithFilters_TestCase6 -->
      <class name="amazon_test.Amazon_SearchProduct_TestCase5">
        <test-method is-config="true" signature="amazon_launch()[pri:0, instance:amazon_test.Amazon_SearchProduct_TestCase5@d86a6f]" started-at="2024-10-04T00:25:12 IST" name="amazon_launch" finished-at="2024-10-04T00:25:16 IST" duration-ms="4125" status="PASS">
          <reporter-output>
          </reporter-output>
        </test-method> <!-- amazon_launch -->
        <test-method is-config="true" signature="login()[pri:0, instance:amazon_test.Amazon_SearchProduct_TestCase5@d86a6f]" started-at="2024-10-04T00:25:16 IST" name="login" finished-at="2024-10-04T00:25:20 IST" duration-ms="3325" status="PASS">
          <reporter-output>
          </reporter-output>
        </test-method> <!-- login -->
        <test-method signature="searchproduct()[pri:0, instance:amazon_test.Amazon_SearchProduct_TestCase5@d86a6f]" started-at="2024-10-04T00:25:20 IST" name="searchproduct" finished-at="2024-10-04T00:25:26 IST" duration-ms="6236" status="PASS">
          <reporter-output>
            <line>
              <![CDATA[Test Case Is Passed]]>
            </line>
            <line>
              <![CDATA[Test Case Is Passed]]>
            </line>
          </reporter-output>
        </test-method> <!-- searchproduct -->
      </class> <!-- amazon_test.Amazon_SearchProduct_TestCase5 -->
    </test> <!-- Test -->
  </suite> <!-- Suite -->
</testng-results>
